[debug] [2020-06-06T17:02:26.478Z] ----------------------------------------------------------------------
[debug] [2020-06-06T17:02:26.482Z] Command:       C:\Program Files\nodejs\node.exe C:\Users\Saqib Jameel\AppData\Roaming\npm\node_modules\firebase-tools\lib\bin\firebase.js init
[debug] [2020-06-06T17:02:26.483Z] CLI Version:   8.4.1
[debug] [2020-06-06T17:02:26.483Z] Platform:      win32
[debug] [2020-06-06T17:02:26.483Z] Node Version:  v12.16.2
[debug] [2020-06-06T17:02:26.485Z] Time:          Sat Jun 06 2020 22:02:26 GMT+0500 (Pakistan Standard Time)
[debug] [2020-06-06T17:02:26.485Z] ----------------------------------------------------------------------
[debug] [2020-06-06T17:02:26.485Z] 
[debug] [2020-06-06T17:02:26.499Z] > command requires scopes: ["email","openid","https://www.googleapis.com/auth/cloudplatformprojects.readonly","https://www.googleapis.com/auth/firebase","https://www.googleapis.com/auth/cloud-platform"]
[debug] [2020-06-06T17:02:26.500Z] > authorizing via signed-in user
[info] 
     ######## #### ########  ######## ########     ###     ######  ########
     ##        ##  ##     ## ##       ##     ##  ##   ##  ##       ##
     ######    ##  ########  ######   ########  #########  ######  ######
     ##        ##  ##    ##  ##       ##     ## ##     ##       ## ##
     ##       #### ##     ## ######## ########  ##     ##  ######  ########

You're about to initialize a Firebase project in this directory:

  C:\Users\Saqib Jameel\Desktop\Abiha-s-beauty-shop

[info] 
=== Project Setup
[info] 
[info] First, let's associate this project directory with a Firebase project.
[info] You can create multiple project aliases by running firebase use --add, 
[info] but for now we'll just set up a default project.
[info] 
